2022-05-09 09:21:56.0200||DEBUG|CRUD.Program|Init main function 
2022-05-09 09:21:58.9994||WARN|Microsoft.AspNetCore.Server.IIS.Core.IISHttpServer|Increasing the MaxRequestBodySize conflicts with the max value for IIS limit maxAllowedContentLength. HTTP requests that have a content length greater than maxAllowedContentLength will still be rejected by IIS. You can disable the limit by either removing or setting the maxAllowedContentLength value to a higher limit. 
2022-05-09 09:22:01.4817||INFO|Microsoft.Hosting.Lifetime|Application started. Press Ctrl+C to shut down. 
2022-05-09 09:22:01.4888||INFO|Microsoft.Hosting.Lifetime|Hosting environment: Development 
2022-05-09 09:22:01.4888||INFO|Microsoft.Hosting.Lifetime|Content root path: D:\CSharp\CRUD 
2022-05-09 11:00:19.1339||DEBUG|CRUD.Program|Init main function 
2022-05-09 11:00:24.3969||WARN|Microsoft.AspNetCore.Server.IIS.Core.IISHttpServer|Increasing the MaxRequestBodySize conflicts with the max value for IIS limit maxAllowedContentLength. HTTP requests that have a content length greater than maxAllowedContentLength will still be rejected by IIS. You can disable the limit by either removing or setting the maxAllowedContentLength value to a higher limit. 
2022-05-09 11:00:27.4578||INFO|Microsoft.Hosting.Lifetime|Application started. Press Ctrl+C to shut down. 
2022-05-09 11:00:27.4578||INFO|Microsoft.Hosting.Lifetime|Hosting environment: Development 
2022-05-09 11:00:27.4578||INFO|Microsoft.Hosting.Lifetime|Content root path: D:\CSharp\CRUD 
2022-05-09 11:09:14.3626||DEBUG|CRUD.Program|Init main function 
2022-05-09 11:09:20.5069||WARN|Microsoft.AspNetCore.Server.IIS.Core.IISHttpServer|Increasing the MaxRequestBodySize conflicts with the max value for IIS limit maxAllowedContentLength. HTTP requests that have a content length greater than maxAllowedContentLength will still be rejected by IIS. You can disable the limit by either removing or setting the maxAllowedContentLength value to a higher limit. 
2022-05-09 11:09:23.6896||INFO|Microsoft.Hosting.Lifetime|Application started. Press Ctrl+C to shut down. 
2022-05-09 11:09:23.6922||INFO|Microsoft.Hosting.Lifetime|Hosting environment: Development 
2022-05-09 11:09:23.7500||INFO|Microsoft.Hosting.Lifetime|Content root path: D:\CSharp\CRUD 
2022-05-09 11:09:57.5350||DEBUG|CRUD.Program|Init main function 
2022-05-09 11:09:58.9529||WARN|Microsoft.AspNetCore.Server.IIS.Core.IISHttpServer|Increasing the MaxRequestBodySize conflicts with the max value for IIS limit maxAllowedContentLength. HTTP requests that have a content length greater than maxAllowedContentLength will still be rejected by IIS. You can disable the limit by either removing or setting the maxAllowedContentLength value to a higher limit. 
2022-05-09 11:10:00.8782||INFO|Microsoft.Hosting.Lifetime|Application started. Press Ctrl+C to shut down. 
2022-05-09 11:10:00.8891||INFO|Microsoft.Hosting.Lifetime|Hosting environment: Development 
2022-05-09 11:10:00.9094||INFO|Microsoft.Hosting.Lifetime|Content root path: D:\CSharp\CRUD 
2022-05-09 11:10:47.1718||DEBUG|CRUD.Program|Init main function 
2022-05-09 11:10:48.7788||WARN|Microsoft.AspNetCore.Server.IIS.Core.IISHttpServer|Increasing the MaxRequestBodySize conflicts with the max value for IIS limit maxAllowedContentLength. HTTP requests that have a content length greater than maxAllowedContentLength will still be rejected by IIS. You can disable the limit by either removing or setting the maxAllowedContentLength value to a higher limit. 
2022-05-09 11:10:50.6815||INFO|Microsoft.Hosting.Lifetime|Application started. Press Ctrl+C to shut down. 
2022-05-09 11:10:51.3326||INFO|Microsoft.Hosting.Lifetime|Hosting environment: Development 
2022-05-09 11:10:51.3505||INFO|Microsoft.Hosting.Lifetime|Content root path: D:\CSharp\CRUD 
